<?xml version="1.0" encoding="UTF-8"?>
<!-- Generated by org.testng.reporters.JUnitReportReporter -->
<testsuite skipped="1" hostname="SDF4110IPM096" name="selenium.DropDown" tests="2" failures="0" timestamp="15 Mar 2019 14:12:00 GMT" time="20.540" errors="0">
  <testcase name="Hidden_Element" time="20.540" classname="selenium.DropDown"/>
  <testcase name="Select_dropdown" classname="selenium.DropDown">
    <skipped/>
  </testcase> <!-- Select_dropdown -->
</testsuite> <!-- selenium.DropDown -->
