<?xml version="1.0" encoding="UTF-8"?>
<!-- Generated by org.testng.reporters.JUnitReportReporter -->
<testsuite skipped="1" hostname="SDF4110IPM096" name="selenium.VerifyElementPresent" tests="2" failures="0" timestamp="03 Apr 2019 06:36:03 GMT" time="23.447" errors="0">
  <testcase name="FetchAllDataFromDropdown" time="23.447" classname="selenium.VerifyElementPresent"/>
  <testcase name="VerifyElementonLoginPage" classname="selenium.VerifyElementPresent">
    <skipped/>
  </testcase> <!-- VerifyElementonLoginPage -->
</testsuite> <!-- selenium.VerifyElementPresent -->
