<?xml version="1.0" encoding="UTF-8"?>
<!-- Generated by org.testng.reporters.JUnitReportReporter -->
<testsuite skipped="0" hostname="SDF4110IPM096" name="selenium.DependencyTestUsingAnnotation" tests="3" failures="0" timestamp="29 Mar 2019 06:23:46 GMT" time="0.032" errors="0">
  <testcase name="initEnvironmentTest" time="0.021" classname="selenium.DependencyTestUsingAnnotation"/>
  <testcase name="testprintTestMessage" time="0.004" classname="selenium.DependencyTestUsingAnnotation"/>
  <testcase name="testSalutationMessage" time="0.007" classname="selenium.DependencyTestUsingAnnotation"/>
</testsuite> <!-- selenium.DependencyTestUsingAnnotation -->
