<?xml version="1.0" encoding="UTF-8"?>
<!-- Generated by org.testng.reporters.JUnitReportReporter -->
<testsuite name="com.test.henniges.henniges.login.TC_001_VerifyLoginWithValidCredentials" tests="1" time="5.703" ignored="0" failures="0" timestamp="18 Sep 2017 09:14:28 GMT" skipped="0" hostname="SDF4110CUB050" errors="0">
  <testcase name="verifyLoginWithInvalidCredentials" time="5.703" classname="com.test.henniges.henniges.login.TC_001_VerifyLoginWithValidCredentials"/>
</testsuite> <!-- com.test.henniges.henniges.login.TC_001_VerifyLoginWithValidCredentials -->
