<?xml version="1.0" encoding="UTF-8"?>
<!-- Generated by org.testng.reporters.JUnitReportReporter -->
<testsuite name="ipp.Vendor" tests="1" time="15.886" ignored="0" failures="0" timestamp="18 Jan 2018 11:58:18 GMT" skipped="0" hostname="SDF4110CUB050" errors="0">
  <testcase name="login" time="15.886" classname="ipp.Vendor"/>
</testsuite> <!-- ipp.Vendor -->
